Determining if the pthread_create exist failed with the following output:
Change Dir: /home/pi/pixy/build/hello_pixy/CMakeFiles/CMakeTmp

Run Build Command:"/usr/bin/make" "cmTC_00693/fast"
/usr/bin/make -f CMakeFiles/cmTC_00693.dir/build.make CMakeFiles/cmTC_00693.dir/build
make[1]: Entering directory '/home/pi/pixy/build/hello_pixy/CMakeFiles/CMakeTmp'
Building CXX object CMakeFiles/cmTC_00693.dir/CheckSymbolExists.cxx.o
/usr/bin/c++      -o CMakeFiles/cmTC_00693.dir/CheckSymbolExists.cxx.o -c /home/pi/pixy/build/hello_pixy/CMakeFiles/CMakeTmp/CheckSymbolExists.cxx
Linking CXX executable cmTC_00693
/usr/bin/cmake -E cmake_link_script CMakeFiles/cmTC_00693.dir/link.txt --verbose=1
/usr/bin/c++        CMakeFiles/cmTC_00693.dir/CheckSymbolExists.cxx.o  -o cmTC_00693 -rdynamic 
CMakeFiles/cmTC_00693.dir/CheckSymbolExists.cxx.o: In function `main':
CheckSymbolExists.cxx:(.text+0x38): undefined reference to `pthread_create'
collect2: error: ld returned 1 exit status
CMakeFiles/cmTC_00693.dir/build.make:97: recipe for target 'cmTC_00693' failed
make[1]: *** [cmTC_00693] Error 1
make[1]: Leaving directory '/home/pi/pixy/build/hello_pixy/CMakeFiles/CMakeTmp'
Makefile:126: recipe for target 'cmTC_00693/fast' failed
make: *** [cmTC_00693/fast] Error 2

File /home/pi/pixy/build/hello_pixy/CMakeFiles/CMakeTmp/CheckSymbolExists.cxx:
/* */
#include <pthread.h>

int main(int argc, char** argv)
{
  (void)argv;
#ifndef pthread_create
  return ((int*)(&pthread_create))[argc];
#else
  (void)argc;
  return 0;
#endif
}

Determining if the function pthread_create exists in the pthreads failed with the following output:
Change Dir: /home/pi/pixy/build/hello_pixy/CMakeFiles/CMakeTmp

Run Build Command:"/usr/bin/make" "cmTC_fd046/fast"
/usr/bin/make -f CMakeFiles/cmTC_fd046.dir/build.make CMakeFiles/cmTC_fd046.dir/build
make[1]: Entering directory '/home/pi/pixy/build/hello_pixy/CMakeFiles/CMakeTmp'
Building CXX object CMakeFiles/cmTC_fd046.dir/CheckFunctionExists.cxx.o
/usr/bin/c++     -DCHECK_FUNCTION_EXISTS=pthread_create   -o CMakeFiles/cmTC_fd046.dir/CheckFunctionExists.cxx.o -c /home/pi/pixy/build/hello_pixy/CMakeFiles/CheckLibraryExists/CheckFunctionExists.cxx
Linking CXX executable cmTC_fd046
/usr/bin/cmake -E cmake_link_script CMakeFiles/cmTC_fd046.dir/link.txt --verbose=1
/usr/bin/c++    -DCHECK_FUNCTION_EXISTS=pthread_create    CMakeFiles/cmTC_fd046.dir/CheckFunctionExists.cxx.o  -o cmTC_fd046 -rdynamic -lpthreads 
/usr/bin/ld: cannot find -lpthreads
collect2: error: ld returned 1 exit status
CMakeFiles/cmTC_fd046.dir/build.make:97: recipe for target 'cmTC_fd046' failed
make[1]: *** [cmTC_fd046] Error 1
make[1]: Leaving directory '/home/pi/pixy/build/hello_pixy/CMakeFiles/CMakeTmp'
Makefile:126: recipe for target 'cmTC_fd046/fast' failed
make: *** [cmTC_fd046/fast] Error 2


